/Library/Frameworks/Python.framework/Versions/3.13/lib/python3.13/site-packages/pytest_asyncio/plugin.py:247: PytestDeprecationWarning: The configuration option "asyncio_default_fixture_loop_scope" is unset.
The event loop scope for asynchronous fixtures will default to the fixture caching scope. Future versions of pytest-asyncio will default the loop scope for asynchronous fixtures to function scope. Set the default fixture loop scope explicitly in order to avoid unexpected behavior in the future. Valid fixture loop scopes are: "function", "class", "module", "package", "session"

  warnings.warn(PytestDeprecationWarning(_DEFAULT_FIXTURE_LOOP_SCOPE_UNSET))
============================= test session starts ==============================
platform darwin -- Python 3.13.1, pytest-8.3.5, pluggy-1.5.0
rootdir: /Users/showboat/locker/AGRAV-ISEEPATTERNS/caseapp/backend
configfile: pytest.ini
plugins: langsmith-0.3.3, anyio-4.8.0, asyncio-1.3.0, hypothesis-6.150.0, typeguard-2.13.3
asyncio: mode=Mode.STRICT, debug=False, asyncio_default_fixture_loop_scope=None, asyncio_default_test_loop_scope=function
collected 8 items

tests/test_integration_complete_workflow.py F.F.....                     [100%]

=================================== FAILURES ===================================
__________ TestCompleteWorkflows.test_complete_case_creation_workflow __________

self = <tests.test_integration_complete_workflow.TestCompleteWorkflows object at 0x10497f390>
mock_db_session = <AsyncMock id='4671276096'>
sample_case_data = {'case_number': 'CASE-2024-001', 'case_type': 'civil', 'client_id': 'client-123', 'description': 'Test case for integration testing', ...}

    @pytest.mark.asyncio
    async def test_complete_case_creation_workflow(self, mock_db_session, sample_case_data):
        """
        Test complete case creation workflow
        """
        # Initialize services
        audit_service = AuditService(mock_db_session)
        case_service = CaseService(mock_db_session, audit_service)
        document_service = DocumentService(mock_db_session, audit_service)
        timeline_service = TimelineService(mock_db_session, audit_service)
        insight_service = CaseInsightService()
        export_service = ExportService()
    
        # Mock database operations
        # Removed redundant/incorrect get_db patches
        if True:
    
                    # Step 1: Create case (Mocked as it is not the focus here)
                    case_id = uuid.uuid4()
                    user_id = uuid.uuid4()
                    mock_case = MagicMock()
                    mock_case.id = case_id
                    mock_case.case_number = sample_case_data["case_number"]
                    mock_case.title = sample_case_data["title"]
                    mock_case.status = "active"
    
                    mock_db_session.execute.return_value.scalar_one_or_none.return_value = mock_case
    
                    # Use a proper mock for the result of create_case
                    with patch.object(case_service, 'create_case', return_value=mock_case):
                        # The created_case variable was missing, using case instead
                        case = await case_service.create_case(sample_case_data, user_id)
                        created_case = case
    
                        # Verify case creation
>                       assert case.id == "case-123"
E                       AssertionError: assert UUID('154fa6a3-58eb-42fe-919d-11bfdeefcb7c') == 'case-123'
E                        +  where UUID('154fa6a3-58eb-42fe-919d-11bfdeefcb7c') = <MagicMock name='mock.execute().scalar_one_or_none()' id='4683628960'>.id

tests/test_integration_complete_workflow.py:109: AssertionError
______________ TestCompleteWorkflows.test_collaboration_workflow _______________

self = <tests.test_integration_complete_workflow.TestCompleteWorkflows object at 0x1164cb100>
mock_db_session = <AsyncMock name='mock.__aenter__()' id='4683640048'>

    @pytest.mark.asyncio
    async def test_collaboration_workflow(self, mock_db_session):
        """
        Test real-time collaboration workflow
        """
        collaboration_service = CollaborationService()
    
        # Use proper async context manager mock for AsyncSessionLocal
        mock_cm = AsyncMock()
        mock_cm.__aenter__.return_value = mock_db_session
    
        with patch('services.timeline_collaboration_service.AsyncSessionLocal', return_value=mock_cm):
            with patch('core.redis.redis_service') as mock_redis:
                mock_redis.set = AsyncMock()
                mock_redis.get = AsyncMock(return_value="active")
                mock_redis.publish = AsyncMock()
    
                # Step 1: Create collaboration session
                case_id = uuid.uuid4()
                user_id_1 = uuid.uuid4()
                user_id_2 = uuid.uuid4()
                timeline_id = uuid.uuid4()
    
                mock_session = MagicMock()
                mock_session.id = "session-123"
                mock_session.case_id = case_id
                mock_session.created_by = user_id_1
    
                # Setup mock for user
                mock_user = MagicMock()
                mock_user.id = user_id_2
    
                # Setup mock for timeline
                mock_timeline = MagicMock()
                mock_timeline.id = timeline_id
    
                # Setup mock for collaboration
                mock_collab = MagicMock()
                mock_collab.id = "collab-123"
                mock_collab.can_comment = True
    
                # Mock the result of selective timelines
                execute_result = MagicMock()
                # 1. share_timeline: timeline check, user check, existing collab check
                # 2. add_comment: timeline check, user check, collab check
                execute_result.scalar_one_or_none.side_effect = [
                    mock_timeline, mock_user, None,
                    mock_timeline, mock_user, mock_collab
                ]
                mock_db_session.execute.return_value = execute_result
    
                # Step 2: Share timeline
                share_result = await collaboration_service.share_timeline(
                    timeline_id=str(timeline_id),
                    user_id=str(user_id_2),
                    permissions={"can_view": True, "can_comment": True},
                    shared_by_id=str(user_id_1)
                )
    
                # Verify timeline sharing
                assert share_result is not None
    
                # Step 3: Add comment
                mock_comment = MagicMock()
                mock_comment.id = "comment-123"
                mock_comment.content = "Test comment"
    
                # Update mock for next execute call
                # Setup mock for add_timeline_comment
                mock_collab = MagicMock()
                mock_collab.id = "collab-123"
                mock_collab.can_comment = True
    
                comment = await collaboration_service.add_timeline_comment(
                    timeline_id=str(timeline_id),
                    event_id="event-123",
                    user_id=str(user_id_2),
                    comment_text="Test comment"
                )
        # Verify comment addition
        assert comment is not None
>       assert comment.content == "Test comment"
E       AttributeError: 'TimelineComment' object has no attribute 'content'

tests/test_integration_complete_workflow.py:328: AttributeError
----------------------------- Captured stdout call -----------------------------
2026-01-17 10:16:32 [info     ] Timeline shared successfully   shared_by=340da84a-18b6-4b3e-a631-31bd0ae7583a timeline_id=91f2ddfa-507e-44af-9ea5-a5518cd0033a user_id=faf8040f-a0fe-4594-9f3d-5f0210c61cc1
2026-01-17 10:16:32 [info     ] Timeline comment added         event_id=event-123 thread_depth=0 user_id=faf8040f-a0fe-4594-9f3d-5f0210c61cc1
=============================== warnings summary ===============================
../../../../../../Library/Frameworks/Python.framework/Versions/3.13/lib/python3.13/site-packages/pydantic/_internal/_config.py:295: 15 warnings
  /Library/Frameworks/Python.framework/Versions/3.13/lib/python3.13/site-packages/pydantic/_internal/_config.py:295: PydanticDeprecatedSince20: Support for class-based `config` is deprecated, use ConfigDict instead. Deprecated in Pydantic V2.0 to be removed in V3.0. See Pydantic V2 Migration Guide at https://errors.pydantic.dev/2.10/migration/
    warnings.warn(DEPRECATION_MESSAGE, DeprecationWarning)

core/database.py:210
  /Users/showboat/locker/AGRAV-ISEEPATTERNS/caseapp/backend/core/database.py:210: MovedIn20Warning: The ``declarative_base()`` function is now available as sqlalchemy.orm.declarative_base(). (deprecated since: 2.0) (Background on SQLAlchemy 2.0 at: https://sqlalche.me/e/b8d9)
    Base = declarative_base()

schemas/case.py:69
  /Users/showboat/locker/AGRAV-ISEEPATTERNS/caseapp/backend/schemas/case.py:69: PydanticDeprecatedSince20: Pydantic V1 style `@validator` validators are deprecated. You should migrate to Pydantic V2 style `@field_validator` validators, see the migration guide for more details. Deprecated in Pydantic V2.0 to be removed in V3.0. See Pydantic V2 Migration Guide at https://errors.pydantic.dev/2.10/migration/
    @validator('closure_reason')

schemas/timeline.py:53
  /Users/showboat/locker/AGRAV-ISEEPATTERNS/caseapp/backend/schemas/timeline.py:53: PydanticDeprecatedSince20: Pydantic V1 style `@validator` validators are deprecated. You should migrate to Pydantic V2 style `@field_validator` validators, see the migration guide for more details. Deprecated in Pydantic V2.0 to be removed in V3.0. See Pydantic V2 Migration Guide at https://errors.pydantic.dev/2.10/migration/
    @validator('end_date')

schemas/media.py:83
  /Users/showboat/locker/AGRAV-ISEEPATTERNS/caseapp/backend/schemas/media.py:83: PydanticDeprecatedSince20: Pydantic V1 style `@validator` validators are deprecated. You should migrate to Pydantic V2 style `@field_validator` validators, see the migration guide for more details. Deprecated in Pydantic V2.0 to be removed in V3.0. See Pydantic V2 Migration Guide at https://errors.pydantic.dev/2.10/migration/
    @validator('tags', 'categories')

schemas/media.py:89
  /Users/showboat/locker/AGRAV-ISEEPATTERNS/caseapp/backend/schemas/media.py:89: PydanticDeprecatedSince20: Pydantic V1 style `@validator` validators are deprecated. You should migrate to Pydantic V2 style `@field_validator` validators, see the migration guide for more details. Deprecated in Pydantic V2.0 to be removed in V3.0. See Pydantic V2 Migration Guide at https://errors.pydantic.dev/2.10/migration/
    @validator('privilege_reason')

schemas/media.py:113
  /Users/showboat/locker/AGRAV-ISEEPATTERNS/caseapp/backend/schemas/media.py:113: PydanticDeprecatedSince20: Pydantic V1 style `@validator` validators are deprecated. You should migrate to Pydantic V2 style `@field_validator` validators, see the migration guide for more details. Deprecated in Pydantic V2.0 to be removed in V3.0. See Pydantic V2 Migration Guide at https://errors.pydantic.dev/2.10/migration/
    @validator('tags', 'categories')

schemas/media.py:119
  /Users/showboat/locker/AGRAV-ISEEPATTERNS/caseapp/backend/schemas/media.py:119: PydanticDeprecatedSince20: Pydantic V1 style `@validator` validators are deprecated. You should migrate to Pydantic V2 style `@field_validator` validators, see the migration guide for more details. Deprecated in Pydantic V2.0 to be removed in V3.0. See Pydantic V2 Migration Guide at https://errors.pydantic.dev/2.10/migration/
    @validator('admissibility_status')

schemas/media.py:143
  /Users/showboat/locker/AGRAV-ISEEPATTERNS/caseapp/backend/schemas/media.py:143: PydanticDeprecatedSince20: Pydantic V1 style `@validator` validators are deprecated. You should migrate to Pydantic V2 style `@field_validator` validators, see the migration guide for more details. Deprecated in Pydantic V2.0 to be removed in V3.0. See Pydantic V2 Migration Guide at https://errors.pydantic.dev/2.10/migration/
    @validator('admissibility_status')

schemas/media.py:162
  /Users/showboat/locker/AGRAV-ISEEPATTERNS/caseapp/backend/schemas/media.py:162: PydanticDeprecatedSince20: Pydantic V1 style `@validator` validators are deprecated. You should migrate to Pydantic V2 style `@field_validator` validators, see the migration guide for more details. Deprecated in Pydantic V2.0 to be removed in V3.0. See Pydantic V2 Migration Guide at https://errors.pydantic.dev/2.10/migration/
    @validator('annotation_type')

schemas/media.py:169
  /Users/showboat/locker/AGRAV-ISEEPATTERNS/caseapp/backend/schemas/media.py:169: PydanticDeprecatedSince20: Pydantic V1 style `@validator` validators are deprecated. You should migrate to Pydantic V2 style `@field_validator` validators, see the migration guide for more details. Deprecated in Pydantic V2.0 to be removed in V3.0. See Pydantic V2 Migration Guide at https://errors.pydantic.dev/2.10/migration/
    @validator('color')

schemas/media.py:175
  /Users/showboat/locker/AGRAV-ISEEPATTERNS/caseapp/backend/schemas/media.py:175: PydanticDeprecatedSince20: Pydantic V1 style `@validator` validators are deprecated. You should migrate to Pydantic V2 style `@field_validator` validators, see the migration guide for more details. Deprecated in Pydantic V2.0 to be removed in V3.0. See Pydantic V2 Migration Guide at https://errors.pydantic.dev/2.10/migration/
    @validator('opacity')

schemas/media.py:181
  /Users/showboat/locker/AGRAV-ISEEPATTERNS/caseapp/backend/schemas/media.py:181: PydanticDeprecatedSince20: Pydantic V1 style `@validator` validators are deprecated. You should migrate to Pydantic V2 style `@field_validator` validators, see the migration guide for more details. Deprecated in Pydantic V2.0 to be removed in V3.0. See Pydantic V2 Migration Guide at https://errors.pydantic.dev/2.10/migration/
    @validator('relevance_score')

schemas/media.py:187
  /Users/showboat/locker/AGRAV-ISEEPATTERNS/caseapp/backend/schemas/media.py:187: PydanticDeprecatedSince20: Pydantic V1 style `@validator` validators are deprecated. You should migrate to Pydantic V2 style `@field_validator` validators, see the migration guide for more details. Deprecated in Pydantic V2.0 to be removed in V3.0. See Pydantic V2 Migration Guide at https://errors.pydantic.dev/2.10/migration/
    @validator('end_time')

schemas/media.py:206
  /Users/showboat/locker/AGRAV-ISEEPATTERNS/caseapp/backend/schemas/media.py:206: PydanticDeprecatedSince20: Pydantic V1 style `@validator` validators are deprecated. You should migrate to Pydantic V2 style `@field_validator` validators, see the migration guide for more details. Deprecated in Pydantic V2.0 to be removed in V3.0. See Pydantic V2 Migration Guide at https://errors.pydantic.dev/2.10/migration/
    @validator('color')

schemas/media.py:212
  /Users/showboat/locker/AGRAV-ISEEPATTERNS/caseapp/backend/schemas/media.py:212: PydanticDeprecatedSince20: Pydantic V1 style `@validator` validators are deprecated. You should migrate to Pydantic V2 style `@field_validator` validators, see the migration guide for more details. Deprecated in Pydantic V2.0 to be removed in V3.0. See Pydantic V2 Migration Guide at https://errors.pydantic.dev/2.10/migration/
    @validator('opacity')

schemas/media.py:218
  /Users/showboat/locker/AGRAV-ISEEPATTERNS/caseapp/backend/schemas/media.py:218: PydanticDeprecatedSince20: Pydantic V1 style `@validator` validators are deprecated. You should migrate to Pydantic V2 style `@field_validator` validators, see the migration guide for more details. Deprecated in Pydantic V2.0 to be removed in V3.0. See Pydantic V2 Migration Guide at https://errors.pydantic.dev/2.10/migration/
    @validator('relevance_score')

schemas/media.py:375
  /Users/showboat/locker/AGRAV-ISEEPATTERNS/caseapp/backend/schemas/media.py:375: PydanticDeprecatedSince20: Pydantic V1 style `@validator` validators are deprecated. You should migrate to Pydantic V2 style `@field_validator` validators, see the migration guide for more details. Deprecated in Pydantic V2.0 to be removed in V3.0. See Pydantic V2 Migration Guide at https://errors.pydantic.dev/2.10/migration/
    @validator('analysis_types')

schemas/media.py:383
  /Users/showboat/locker/AGRAV-ISEEPATTERNS/caseapp/backend/schemas/media.py:383: PydanticDeprecatedSince20: Pydantic V1 style `@validator` validators are deprecated. You should migrate to Pydantic V2 style `@field_validator` validators, see the migration guide for more details. Deprecated in Pydantic V2.0 to be removed in V3.0. See Pydantic V2 Migration Guide at https://errors.pydantic.dev/2.10/migration/
    @validator('priority')

tests/test_integration_complete_workflow.py::TestCompleteWorkflows::test_forensic_analysis_workflow
  /Users/showboat/locker/AGRAV-ISEEPATTERNS/caseapp/backend/services/export_service.py:375: DeprecationWarning: datetime.datetime.utcnow() is deprecated and scheduled for removal in a future version. Use timezone-aware objects to represent datetimes in UTC: datetime.datetime.now(datetime.UTC).
    story.append(Paragraph(f"Generated: {datetime.utcnow().strftime('%Y-%m-%d %H:%M UTC')}", styles['Normal']))

tests/test_integration_complete_workflow.py::TestCompleteWorkflows::test_background_job_workflow
  /Users/showboat/locker/AGRAV-ISEEPATTERNS/caseapp/backend/services/background_job_service.py:137: DeprecationWarning: datetime.datetime.utcnow() is deprecated and scheduled for removal in a future version. Use timezone-aware objects to represent datetimes in UTC: datetime.datetime.now(datetime.UTC).
    created_at=datetime.utcnow(),

tests/test_integration_complete_workflow.py::TestCompleteWorkflows::test_background_job_workflow
  /Users/showboat/locker/AGRAV-ISEEPATTERNS/caseapp/backend/services/webhook_service.py:135: DeprecationWarning: datetime.datetime.utcnow() is deprecated and scheduled for removal in a future version. Use timezone-aware objects to represent datetimes in UTC: datetime.datetime.now(datetime.UTC).
    created_at=datetime.utcnow(),

tests/test_integration_complete_workflow.py::TestCompleteWorkflows::test_background_job_workflow
  /Users/showboat/locker/AGRAV-ISEEPATTERNS/caseapp/backend/services/webhook_service.py:136: DeprecationWarning: datetime.datetime.utcnow() is deprecated and scheduled for removal in a future version. Use timezone-aware objects to represent datetimes in UTC: datetime.datetime.now(datetime.UTC).
    updated_at=datetime.utcnow()

tests/test_integration_complete_workflow.py::TestCompleteWorkflows::test_background_job_workflow
  /Users/showboat/locker/AGRAV-ISEEPATTERNS/caseapp/backend/services/background_job_service.py:270: DeprecationWarning: datetime.datetime.utcnow() is deprecated and scheduled for removal in a future version. Use timezone-aware objects to represent datetimes in UTC: datetime.datetime.now(datetime.UTC).
    cutoff_time = datetime.utcnow() - timedelta(hours=hours)

tests/test_integration_complete_workflow.py::TestCompleteWorkflows::test_security_workflow
  /Users/showboat/locker/AGRAV-ISEEPATTERNS/caseapp/backend/services/encryption_service.py:65: DeprecationWarning: datetime.datetime.utcnow() is deprecated and scheduled for removal in a future version. Use timezone-aware objects to represent datetimes in UTC: datetime.datetime.now(datetime.UTC).
    'encrypted_at': datetime.utcnow().isoformat(),

tests/test_integration_complete_workflow.py: 45 warnings
  /Users/showboat/locker/AGRAV-ISEEPATTERNS/caseapp/backend/services/health_service.py:46: DeprecationWarning: datetime.datetime.utcnow() is deprecated and scheduled for removal in a future version. Use timezone-aware objects to represent datetimes in UTC: datetime.datetime.now(datetime.UTC).
    self.timestamp = datetime.utcnow()

tests/test_integration_complete_workflow.py::TestCompleteWorkflows::test_service_manager_workflow
tests/test_integration_complete_workflow.py::TestErrorHandlingAndRecovery::test_service_failure_recovery
  /Users/showboat/locker/AGRAV-ISEEPATTERNS/caseapp/backend/services/health_service.py:95: DeprecationWarning: datetime.datetime.utcnow() is deprecated and scheduled for removal in a future version. Use timezone-aware objects to represent datetimes in UTC: datetime.datetime.now(datetime.UTC).
    "timestamp": datetime.utcnow().isoformat(),

-- Docs: https://docs.pytest.org/en/stable/how-to/capture-warnings.html
=========================== short test summary info ============================
FAILED tests/test_integration_complete_workflow.py::TestCompleteWorkflows::test_complete_case_creation_workflow
FAILED tests/test_integration_complete_workflow.py::TestCompleteWorkflows::test_collaboration_workflow
=================== 2 failed, 6 passed, 86 warnings in 1.43s ===================
